# JRE version: Java(TM) SE Runtime Environment (17.0.12+8) (build 17.0.12+8-LTS-286)
# Java VM: Java HotSpot(TM) 64-Bit Server VM (17.0.12+8-LTS-286, mixed mode, sharing, tiered, compressed oops, compressed class ptrs, g1 gc, windows-amd64)
GC Precious Log:
 CPUs: 12 total, 12 available
 Memory: 7498M
 Large Page Support: Disabled
 NUMA Support: Disabled
 Compressed Oops: Enabled (32-bit)
 Heap Region Size: 1M
 Heap Min Capacity: 8M
 Heap Initial Capacity: 118M
 Heap Max Capacity: 1876M
 Pre-touch: Disabled
 Parallel Workers: 10
 Concurrent Workers: 3
 Concurrent Refinement Workers: 10
 Periodic GC: Disabled
Heap:
 garbage-first heap   total 96256K, used 56857K [0x000000008ac00000, 0x0000000100000000)
  region size 1024K, 16 young (16384K), 3 survivors (3072K)
 Metaspace       used 27865K, committed 28224K, reserved 1114112K
  class space    used 3235K, committed 3456K, reserved 1048576K
GC Heap History (18 events):
Event: 0.700 GC heap before
{Heap before GC invocations=0 (full 0):
 garbage-first heap   total 120832K, used 22528K [0x000000008ac00000, 0x0000000100000000)
  region size 1024K, 23 young (23552K), 0 survivors (0K)
 Metaspace       used 5413K, committed 5632K, reserved 1114112K
  class space    used 653K, committed 768K, reserved 1048576K
}
Event: 0.707 GC heap after
{Heap after GC invocations=1 (full 0):
 garbage-first heap   total 120832K, used 3656K [0x000000008ac00000, 0x0000000100000000)
  region size 1024K, 3 young (3072K), 3 survivors (3072K)
 Metaspace       used 5413K, committed 5632K, reserved 1114112K
  class space    used 653K, committed 768K, reserved 1048576K
}
Event: 1.989 GC heap before
{Heap before GC invocations=1 (full 0):
 garbage-first heap   total 120832K, used 35400K [0x000000008ac00000, 0x0000000100000000)
  region size 1024K, 34 young (34816K), 3 survivors (3072K)
 Metaspace       used 9343K, committed 9536K, reserved 1114112K
  class space    used 1133K, committed 1216K, reserved 1048576K
}
Event: 1.999 GC heap after
{Heap after GC invocations=2 (full 0):
 garbage-first heap   total 120832K, used 5461K [0x000000008ac00000, 0x0000000100000000)
  region size 1024K, 2 young (2048K), 2 survivors (2048K)
 Metaspace       used 9343K, committed 9536K, reserved 1114112K
  class space    used 1133K, committed 1216K, reserved 1048576K
}
Event: 4.677 GC heap before
{Heap before GC invocations=2 (full 0):
 garbage-first heap   total 120832K, used 75093K [0x000000008ac00000, 0x0000000100000000)
  region size 1024K, 70 young (71680K), 2 survivors (2048K)
 Metaspace       used 15550K, committed 15744K, reserved 1114112K
  class space    used 1859K, committed 1920K, reserved 1048576K
}
Event: 4.699 GC heap after
{Heap after GC invocations=3 (full 0):
 garbage-first heap   total 120832K, used 12698K [0x000000008ac00000, 0x0000000100000000)
  region size 1024K, 9 young (9216K), 9 survivors (9216K)
 Metaspace       used 15550K, committed 15744K, reserved 1114112K
  class space    used 1859K, committed 1920K, reserved 1048576K
}
Event: 7.296 GC heap before
{Heap before GC invocations=3 (full 0):
 garbage-first heap   total 120832K, used 75162K [0x000000008ac00000, 0x0000000100000000)
  region size 1024K, 70 young (71680K), 9 survivors (9216K)
 Metaspace       used 16274K, committed 16512K, reserved 1114112K
  class space    used 1881K, committed 1984K, reserved 1048576K
}
Event: 7.314 GC heap after
{Heap after GC invocations=4 (full 0):
 garbage-first heap   total 120832K, used 15316K [0x000000008ac00000, 0x0000000100000000)
  region size 1024K, 4 young (4096K), 4 survivors (4096K)
 Metaspace       used 16274K, committed 16512K, reserved 1114112K
  class space    used 1881K, committed 1984K, reserved 1048576K
}
Event: 9.132 GC heap before
{Heap before GC invocations=4 (full 0):
 garbage-first heap   total 120832K, used 62420K [0x000000008ac00000, 0x0000000100000000)
  region size 1024K, 47 young (48128K), 4 survivors (4096K)
 Metaspace       used 21230K, committed 21504K, reserved 1114112K
  class space    used 2485K, committed 2624K, reserved 1048576K
}
Event: 9.147 GC heap after
{Heap after GC invocations=5 (full 0):
 garbage-first heap   total 120832K, used 24863K [0x000000008ac00000, 0x0000000100000000)
  region size 1024K, 9 young (9216K), 9 survivors (9216K)
 Metaspace       used 21230K, committed 21504K, reserved 1114112K
  class space    used 2485K, committed 2624K, reserved 1048576K
}
Event: 10.651 GC heap before
{Heap before GC invocations=6 (full 0):
 garbage-first heap   total 89088K, used 69919K [0x000000008ac00000, 0x0000000100000000)
  region size 1024K, 51 young (52224K), 9 survivors (9216K)
 Metaspace       used 25169K, committed 25536K, reserved 1114112K
  class space    used 2936K, committed 3136K, reserved 1048576K
}
Event: 10.680 GC heap after
{Heap after GC invocations=7 (full 0):
 garbage-first heap   total 96256K, used 41213K [0x000000008ac00000, 0x0000000100000000)
  region size 1024K, 7 young (7168K), 7 survivors (7168K)
 Metaspace       used 25169K, committed 25536K, reserved 1114112K
  class space    used 2936K, committed 3136K, reserved 1048576K
}
Event: 10.702 GC heap before
{Heap before GC invocations=7 (full 0):
 garbage-first heap   total 96256K, used 42237K [0x000000008ac00000, 0x0000000100000000)
  region size 1024K, 8 young (8192K), 7 survivors (7168K)
 Metaspace       used 25170K, committed 25536K, reserved 1114112K
  class space    used 2936K, committed 3136K, reserved 1048576K
}
Event: 10.709 GC heap after
{Heap after GC invocations=8 (full 0):
 garbage-first heap   total 96256K, used 42688K [0x000000008ac00000, 0x0000000100000000)
  region size 1024K, 1 young (1024K), 1 survivors (1024K)
 Metaspace       used 25170K, committed 25536K, reserved 1114112K
  class space    used 2936K, committed 3136K, reserved 1048576K
}
Event: 13.082 GC heap before
{Heap before GC invocations=8 (full 0):
 garbage-first heap   total 96256K, used 67264K [0x000000008ac00000, 0x0000000100000000)
  region size 1024K, 26 young (26624K), 1 survivors (1024K)
 Metaspace       used 26641K, committed 27008K, reserved 1114112K
  class space    used 3114K, committed 3264K, reserved 1048576K
}
Event: 13.089 GC heap after
{Heap after GC invocations=9 (full 0):
 garbage-first heap   total 96256K, used 43625K [0x000000008ac00000, 0x0000000100000000)
  region size 1024K, 2 young (2048K), 2 survivors (2048K)
 Metaspace       used 26641K, committed 27008K, reserved 1114112K
  class space    used 3114K, committed 3264K, reserved 1048576K
}
Event: 13.888 GC heap before
{Heap before GC invocations=9 (full 0):
 garbage-first heap   total 96256K, used 70249K [0x000000008ac00000, 0x0000000100000000)
  region size 1024K, 28 young (28672K), 2 survivors (2048K)
 Metaspace       used 27054K, committed 27392K, reserved 1114112K
  class space    used 3151K, committed 3328K, reserved 1048576K
}
Event: 13.894 GC heap after
{Heap after GC invocations=10 (full 0):
 garbage-first heap   total 96256K, used 44569K [0x000000008ac00000, 0x0000000100000000)
  region size 1024K, 3 young (3072K), 3 survivors (3072K)
 Metaspace       used 27054K, committed 27392K, reserved 1114112K
  class space    used 3151K, committed 3328K, reserved 1048576K
}

